<?xml version="1.0" encoding="UTF-8"?>
<testng-results skipped="0" failed="0" ignored="0" total="1"
	passed="1">
	<reporter-output>
	</reporter-output>
	<suite name="Default suite" duration-ms="35756" started-at="2018-04-08T23:13:00Z"
		finished-at="2018-04-08T23:13:36Z">
		<groups>
		</groups>
		<test name="Default test" duration-ms="35756" started-at="2018-04-08T23:13:00Z"
			finished-at="2018-04-08T23:13:36Z">
			<class name="com.TC_002">
				<test-method status="PASS"
					signature="m2()[pri:0, instance:com.TC_002@59f99ea]" name="m2"
					duration-ms="35676" started-at="2018-04-09T04:43:00Z" finished-at="2018-04-09T04:43:36Z">
					<reporter-output>
					</reporter-output>
				</test-method> <!-- m2 -->
			</class> <!-- com.TC_002 -->
		</test> <!-- Default test -->
	</suite> <!-- Default suite -->
</testng-results>
